2024-08-19 14:31:47:224 [Appium] Welcome to Appium v2.11.3 (REV 2ead58c35d4d7171d220f3df618a81a540fd6253)
2024-08-19 14:31:47:228 [Appium] Non-default server args:
2024-08-19 14:31:47:230 [Appium] { basePath: '/', relaxedSecurityEnabled: true }
2024-08-19 14:31:47:231 [Appium] The autodetected Appium home path: C:\Users\Thiago\Downloads\qa-automation-mobile
2024-08-19 14:31:47:232 [Appium] Attempting to load driver uiautomator2...
2024-08-19 14:31:47:233 [Appium] Attempting to load driver xcuitest...
2024-08-19 14:31:47:237 [Appium] Requiring driver at C:\Users\Thiago\Downloads\qa-automation-mobile\node_modules\appium-uiautomator2-driver\build\index.js
2024-08-19 14:31:47:238 [Appium] Requiring driver at C:\Users\Thiago\Downloads\qa-automation-mobile\node_modules\appium-xcuitest-driver\build\index.js
2024-08-19 14:31:48:453 [Appium] AndroidUiautomator2Driver has been successfully loaded in 1.221s
2024-08-19 14:31:49:850 [Appium] XCUITestDriver has been successfully loaded in 2.617s
2024-08-19 14:31:49:877 [Appium] Appium REST http interface listener started on http://0.0.0.0:4723
2024-08-19 14:31:49:882 [Appium] You can provide the following URLs in your client code to connect to this server:
	http://192.168.1.109:4723/
	http://127.0.0.1:4723/ (only accessible from the same host)
	http://172.27.80.1:4723/
2024-08-19 14:31:49:882 [Appium] Available drivers:
2024-08-19 14:31:49:882 [Appium]   - uiautomator2@3.7.7 (automationName 'UiAutomator2')
2024-08-19 14:31:49:883 [Appium]   - xcuitest@7.24.16 (automationName 'XCUITest')
2024-08-19 14:31:49:883 [Appium] No plugins have been installed. Use the "appium plugin" command to install the one(s) you want to use.
2024-08-19 14:31:53:271 [HTTP] --> POST /session {"capabilities":{"alwaysMatch":{"platformName":"Android","appium:deviceName":"emulator -5554","appium:platformVersion":"12.0","appium:orientation":"PORTRAIT","appium:automationName":"UiAutomator2","appium:app":"C:\\Users\\Thiago\\Downloads\\qa-automation-mobile\\apps\\android\\QA-3.3.5(306).apk","appium:appWaitActivity":"com.fasterwaytofatloss.FasterWayToFatLoss.MainActivity","appium:newCommandTimeout":240},"firstMatch":[{}]},"desiredCapabilities":{"platformName":"Android","appium:deviceName":"emulator -5554","appium:platformVersion":"12.0","appium:orientation":"PORTRAIT","appium:automationName":"UiAutomator2","appium:app":"C:\\Users\\Thiago\\Downloads\\qa-automation-mobile\\apps\\android\\QA-3.3.5(306).apk","appium:appWaitActivity":"com.fasterwaytofatloss.FasterWayToFatLoss.MainActivity","appium:newCommandTimeout":240}}
2024-08-19 14:31:53:273 [AppiumDriver@2306] Calling AppiumDriver.createSession() with args: [{"platformName":"Android","appium:deviceName":"emulator -5554","appium:platformVersion":"12.0","appium:orientation":"PORTRAIT","appium:automationName":"UiAutomator2","appium:app":"C:\\Users\\Thiago\\Downloads\\qa-automation-mobile\\apps\\android\\QA-3.3.5(306).apk","appium:appWaitActivity":"com.fasterwaytofatloss.FasterWayToFatLoss.MainActivity","appium:newCommandTimeout":240},null,{"alwaysMatch":{"platformName":"Android","appium:deviceName":"emulator -5554","appium:platformVersion":"12.0","appium:orientation":"PORTRAIT","appium:automationName":"UiAutomator2","appium:app":"C:\\Users\\Thiago\\Downloads\\qa-automation-mobile\\apps\\android\\QA-3.3.5(306).apk","appium:appWaitActivity":"com.fasterwaytofatloss.FasterWayToFatLoss.MainActivity","appium:newCommandTimeout":240},"firstMatch":[{}]}]
2024-08-19 14:31:53:275 [AppiumDriver@2306] Event 'newSessionRequested' logged at 1724077913274 (11:31:53 GMT-0300 (hora estándar de Argentina))
2024-08-19 14:31:53:279 [Appium] Attempting to find matching driver for automationName 'UiAutomator2' and platformName 'Android'
2024-08-19 14:31:53:280 [Appium] The 'uiautomator2' driver was installed and matched caps.
2024-08-19 14:31:53:280 [Appium] Will require it at C:\Users\Thiago\Downloads\qa-automation-mobile\node_modules\appium-uiautomator2-driver
2024-08-19 14:31:53:283 [Appium] Requiring driver at C:\Users\Thiago\Downloads\qa-automation-mobile\node_modules\appium-uiautomator2-driver\build\index.js
2024-08-19 14:31:53:285 [AppiumDriver@2306] Appium v2.11.3 creating new AndroidUiautomator2Driver (v3.7.7) session
2024-08-19 14:31:53:285 [AppiumDriver@2306] Checking BaseDriver versions for Appium and AndroidUiautomator2Driver
2024-08-19 14:31:53:285 [AppiumDriver@2306] Appium's BaseDriver version is 9.11.3
2024-08-19 14:31:53:286 [AppiumDriver@2306] AndroidUiautomator2Driver's BaseDriver version is 9.11.3
2024-08-19 14:31:53:290 [AppiumDriver@2306] Applying relaxed security to 'AndroidUiautomator2Driver' as per server command line argument. All insecure features will be enabled unless explicitly disabled by --deny-insecure
2024-08-19 14:31:53:292 [AndroidUiautomator2Driver@4706] 
2024-08-19 14:31:53:293 [AndroidUiautomator2Driver@4706] Creating session with W3C capabilities: {
  "alwaysMatch": {
    "platformName": "Android",
    "appium:deviceName": "emulator -5554",
    "appium:platformVersion": "12.0",
    "appium:orientation": "PORTRAIT",
    "appium:automationName": "UiAutomator2",
    "appium:app": "C:\\Users\\Thiago\\Downloads\\qa-automation-mobile\\apps\\android\\QA-3.3.5(306).apk",
    "appium:appWaitActivity": "com.fasterwaytofatloss.FasterWayToFatLoss.MainActivity",
    "appium:newCommandTimeout": 240
  },
  "firstMatch": [
    {}
  ]
}
2024-08-19 14:31:53:310 [56dee916][AndroidUiautomator2Driver@4706] Session created with session id: 56dee916-fd12-4188-bf6e-9d4902788666
2024-08-19 14:31:53:337 [56dee916][ADB] Found 1 'build-tools' folders under 'D:\sdk' (newest first):
2024-08-19 14:31:53:338 [56dee916][ADB]     D:\sdk\build-tools\35.0.0
2024-08-19 14:31:53:339 [56dee916][ADB] Using 'adb.exe' from 'D:\sdk\platform-tools\adb.exe'
2024-08-19 14:31:53:339 [56dee916][ADB] Running 'D:\sdk\platform-tools\adb.exe -P 5037 start-server'
2024-08-19 14:31:53:368 [56dee916][AndroidUiautomator2Driver@4706] Retrieving device list
2024-08-19 14:31:53:368 [56dee916][ADB] Trying to find connected Android devices
2024-08-19 14:31:53:369 [56dee916][ADB] Getting connected devices
2024-08-19 14:31:53:393 [56dee916][ADB] Connected devices: [{"udid":"emulator-5554","state":"device"}]
2024-08-19 14:31:53:393 [56dee916][AndroidUiautomator2Driver@4706] Looking for a device with Android '12.0.0'
2024-08-19 14:31:53:393 [56dee916][ADB] Setting device id to emulator-5554
2024-08-19 14:31:53:394 [56dee916][ADB] Getting device platform version
2024-08-19 14:31:53:394 [56dee916][ADB] Running 'D:\sdk\platform-tools\adb.exe -P 5037 -s emulator-5554 shell getprop ro.build.version.release'
2024-08-19 14:31:53:428 [56dee916][ADB] Current device property 'ro.build.version.release': 12
2024-08-19 14:31:53:428 [56dee916][AndroidUiautomator2Driver@4706] Using device: emulator-5554
2024-08-19 14:31:53:430 [56dee916][ADB] Using 'adb.exe' from 'D:\sdk\platform-tools\adb.exe'
2024-08-19 14:31:53:430 [56dee916][ADB] Running 'D:\sdk\platform-tools\adb.exe -P 5037 start-server'
2024-08-19 14:31:53:452 [56dee916][ADB] Setting device id to emulator-5554
2024-08-19 14:31:53:454 [56dee916][BaseDriver] Using local app 'C:\Users\Thiago\Downloads\qa-automation-mobile\apps\android\QA-3.3.5(306).apk'
2024-08-19 14:31:53:618 [56dee916][AndroidUiautomator2Driver@4706] Checking whether app is actually present
2024-08-19 14:31:53:620 [56dee916][ADB] Running 'D:\sdk\platform-tools\adb.exe -P 5037 -s emulator-5554 shell getprop ro.build.version.sdk'
2024-08-19 14:31:53:660 [56dee916][ADB] Current device property 'ro.build.version.sdk': 31
2024-08-19 14:31:53:660 [56dee916][ADB] Getting device platform version
2024-08-19 14:31:53:660 [56dee916][ADB] Running 'D:\sdk\platform-tools\adb.exe -P 5037 -s emulator-5554 shell getprop ro.build.version.release'
2024-08-19 14:31:53:696 [56dee916][ADB] Current device property 'ro.build.version.release': 12
2024-08-19 14:31:53:697 [56dee916][ADB] Device API level: 31
2024-08-19 14:31:53:697 [56dee916][AndroidUiautomator2Driver@4706] Relaxing hidden api policy
2024-08-19 14:31:53:698 [56dee916][ADB] Running 'D:\sdk\platform-tools\adb.exe -P 5037 -s emulator-5554 shell 'settings put global hidden_api_policy_pre_p_apps 1;settings put global hidden_api_policy_p_apps 1;settings put global hidden_api_policy 1''
2024-08-19 14:31:53:703 [56dee916][AndroidUiautomator2Driver@4706] Parsing package and activity from app manifest
2024-08-19 14:31:53:705 [56dee916][ADB] Running 'D:\sdk\platform-tools\adb.exe -P 5037 -s emulator-5554 wait-for-device'
2024-08-19 14:31:53:717 [56dee916][ADB] Using 'aapt2.exe' from 'D:\sdk\build-tools\35.0.0\aapt2.exe'
2024-08-19 14:31:53:718 [56dee916][ADB] Reading package manifest: 'D:\\sdk\\build-tools\\35.0.0\\aapt2.exe dump badging C:\\Users\\Thiago\\Downloads\\qa-automation-mobile\\apps\\android\\QA-3.3.5\(306\).apk'
2024-08-19 14:31:53:764 [56dee916][ADB] Running 'D:\sdk\platform-tools\adb.exe -P 5037 -s emulator-5554 shell echo ping'
2024-08-19 14:31:53:805 [56dee916][AndroidUiautomator2Driver@4706] Pushing settings apk to the device...
2024-08-19 14:31:53:806 [56dee916][ADB] Getting package info for 'io.appium.settings'
2024-08-19 14:31:53:806 [56dee916][ADB] Running 'D:\sdk\platform-tools\adb.exe -P 5037 -s emulator-5554 shell dumpsys package io.appium.settings'
2024-08-19 14:31:53:891 [56dee916][ADB] Package name: 'com.fasterwaytofatloss.FasterWayToFatLoss'
2024-08-19 14:31:53:891 [56dee916][ADB] Main activity name: 'com.zoontek.rnbootsplash.RNBootSplashActivity'
2024-08-19 14:31:53:891 [56dee916][AndroidUiautomator2Driver@4706] Parsed package and activity are: com.fasterwaytofatloss.FasterWayToFatLoss/com.zoontek.rnbootsplash.RNBootSplashActivity
2024-08-19 14:31:53:973 [56dee916][ADB] Reading package manifest: 'D:\\sdk\\build-tools\\35.0.0\\aapt2.exe dump badging C:\\Users\\Thiago\\Downloads\\qa-automation-mobile\\node_modules\\appium-uiautomator2-driver\\node_modules\\io.appium.settings\\apks\\settings_apk-debug.apk'
2024-08-19 14:31:53:998 [56dee916][ADB] The version name of the installed 'io.appium.settings' is greater or equal to the application version name ('5.12.11' >= '5.12.11')
2024-08-19 14:31:53:999 [56dee916][ADB] There is no need to install/upgrade 'C:\Users\Thiago\Downloads\qa-automation-mobile\node_modules\appium-uiautomator2-driver\node_modules\io.appium.settings\apks\settings_apk-debug.apk'
2024-08-19 14:31:54:000 [56dee916][ADB] Running 'D:\sdk\platform-tools\adb.exe -P 5037 -s emulator-5554 shell dumpsys activity services io.appium.settings'
2024-08-19 14:31:54:037 [56dee916][AndroidUiautomator2Driver@4706] io.appium.settings is already running. There is no need to reset its permissions.
2024-08-19 14:31:54:038 [56dee916][Logcat] Starting logs capture with command: D:\\sdk\\platform-tools\\adb.exe -P 5037 -s emulator-5554 logcat -v threadtime
2024-08-19 14:31:54:086 [56dee916][AndroidUiautomator2Driver@4706] Forwarding UiAutomator2 Server port 6790 to local port 8205
2024-08-19 14:31:54:088 [56dee916][ADB] Forwarding system: 8205 to device: 6790
2024-08-19 14:31:54:088 [56dee916][ADB] Running 'D:\sdk\platform-tools\adb.exe -P 5037 -s emulator-5554 forward tcp:8205 tcp:6790'
2024-08-19 14:31:54:150 [56dee916][ADB] Getting package info for 'io.appium.uiautomator2.server'
2024-08-19 14:31:54:150 [56dee916][ADB] Running 'D:\sdk\platform-tools\adb.exe -P 5037 -s emulator-5554 shell dumpsys package io.appium.uiautomator2.server'
2024-08-19 14:31:54:158 [56dee916][ADB] Getting install status for io.appium.uiautomator2.server.test
2024-08-19 14:31:54:159 [56dee916][ADB] Checking app cert for C:\Users\Thiago\Downloads\qa-automation-mobile\apps\android\QA-3.3.5(306).apk
2024-08-19 14:31:54:160 [56dee916][ADB] Running 'D:\sdk\platform-tools\adb.exe -P 5037 -s emulator-5554 shell cmd package list packages'
2024-08-19 14:31:54:295 [56dee916][ADB] Reading package manifest: 'D:\\sdk\\build-tools\\35.0.0\\aapt2.exe dump badging C:\\Users\\Thiago\\Downloads\\qa-automation-mobile\\node_modules\\appium-uiautomator2-driver\\node_modules\\appium-uiautomator2-server\\apks\\appium-uiautomator2-server-v7.0.22.apk'
2024-08-19 14:31:54:322 [56dee916][ADB] 'io.appium.uiautomator2.server.test' is installed
2024-08-19 14:31:54:358 [56dee916][ADB] The version name of the installed 'io.appium.uiautomator2.server' is greater or equal to the application version name ('7.0.22' >= '7.0.22')
2024-08-19 14:31:54:360 [56dee916][AndroidUiautomator2Driver@4706] Server packages status: [{"installState":"sameVersionInstalled","appPath":"C:\\Users\\Thiago\\Downloads\\qa-automation-mobile\\node_modules\\appium-uiautomator2-driver\\node_modules\\appium-uiautomator2-server\\apks\\appium-uiautomator2-server-v7.0.22.apk","appId":"io.appium.uiautomator2.server"},{"installState":"sameVersionInstalled","appPath":"C:\\Users\\Thiago\\Downloads\\qa-automation-mobile\\node_modules\\appium-uiautomator2-driver\\node_modules\\appium-uiautomator2-server\\apks\\appium-uiautomator2-server-debug-androidTest.apk","appId":"io.appium.uiautomator2.server.test"}]
2024-08-19 14:31:54:361 [56dee916][AndroidUiautomator2Driver@4706] Server packages are not going to be (re)installed
2024-08-19 14:31:54:361 [56dee916][AndroidUiautomator2Driver@4706] Waiting up to 30000ms for services to be available
2024-08-19 14:31:54:361 [56dee916][ADB] Running 'D:\sdk\platform-tools\adb.exe -P 5037 -s emulator-5554 shell pm list instrumentation'
2024-08-19 14:31:54:428 [56dee916][ADB] Using 'apksigner.jar' from 'D:\sdk\build-tools\35.0.0\lib\apksigner.jar'
2024-08-19 14:31:54:429 [56dee916][ADB] Starting apksigner: 'C:\\Program Files\\Java\\jdk-21.0.1\\bin\\java.exe' -Xmx1024M -Xss1m -jar D:\\sdk\\build-tools\\35.0.0\\lib\\apksigner.jar verify --print-certs C:\\Users\\Thiago\\Downloads\\qa-automation-mobile\\apps\\android\\QA-3.3.5\(306\).apk
2024-08-19 14:31:54:468 [56dee916][AndroidUiautomator2Driver@4706] Instrumentation target 'io.appium.uiautomator2.server.test/androidx.test.runner.AndroidJUnitRunner' is available
2024-08-19 14:31:54:471 [56dee916][ADB] Adding packages ["io.appium.settings","io.appium.uiautomator2.server","io.appium.uiautomator2.server.test"] to Doze whitelist
2024-08-19 14:31:54:471 [56dee916][ADB] Got the following command chunks to execute: [["dumpsys","deviceidle","whitelist","+io.appium.settings",";","dumpsys","deviceidle","whitelist","+io.appium.uiautomator2.server",";","dumpsys","deviceidle","whitelist","+io.appium.uiautomator2.server.test",";"]]
2024-08-19 14:31:54:471 [56dee916][ADB] Running 'D:\sdk\platform-tools\adb.exe -P 5037 -s emulator-5554 shell dumpsys deviceidle whitelist +io.appium.settings ; dumpsys deviceidle whitelist +io.appium.uiautomator2.server ; dumpsys deviceidle whitelist +io.appium.uiautomator2.server.test ;'
2024-08-19 14:31:56:298 [56dee916][ADB] apksigner stdout: Signer #1 certificate DN: CN=littlevideoapp
Signer #1 certificate SHA-256 digest: 651ed79b7a7544cf80f166a9118c8f6d35d420a96e49d90b8f1d19f30e0845b4
Signer #1 certificate SHA-1 digest: 0e7728e684d60300741b826674ff15382bfa52eb
Signer #1 certificate MD5 digest: c5166d100e0e0b3eb7d572d3d65c6d35

2024-08-19 14:31:56:298 [56dee916][ADB] 'C:\Users\Thiago\Downloads\qa-automation-mobile\apps\android\QA-3.3.5(306).apk' is signed with a non-default certificate
2024-08-19 14:31:56:299 [56dee916][ADB] Getting package info for 'com.fasterwaytofatloss.FasterWayToFatLoss'
2024-08-19 14:31:56:299 [56dee916][ADB] Running 'D:\sdk\platform-tools\adb.exe -P 5037 -s emulator-5554 shell dumpsys package com.fasterwaytofatloss.FasterWayToFatLoss'
2024-08-19 14:31:56:344 [56dee916][ADB] Reading package manifest: 'D:\\sdk\\build-tools\\35.0.0\\aapt2.exe dump badging C:\\Users\\Thiago\\Downloads\\qa-automation-mobile\\apps\\android\\QA-3.3.5\(306\).apk'
2024-08-19 14:31:56:472 [56dee916][ADB] The version name of the installed 'com.fasterwaytofatloss.FasterWayToFatLoss' is greater or equal to the application version name ('3.3.5' >= '3.3.5')
2024-08-19 14:31:56:473 [56dee916][ADB] There is no need to install/upgrade 'C:\Users\Thiago\Downloads\qa-automation-mobile\apps\android\QA-3.3.5(306).apk'
2024-08-19 14:31:56:473 [56dee916][AndroidUiautomator2Driver@4706] Performing fast reset on 'com.fasterwaytofatloss.FasterWayToFatLoss'
2024-08-19 14:31:56:473 [56dee916][ADB] Getting install status for com.fasterwaytofatloss.FasterWayToFatLoss
2024-08-19 14:31:56:474 [56dee916][ADB] Running 'D:\sdk\platform-tools\adb.exe -P 5037 -s emulator-5554 shell cmd package list packages'
2024-08-19 14:31:56:511 [56dee916][ADB] 'com.fasterwaytofatloss.FasterWayToFatLoss' is installed
2024-08-19 14:31:56:511 [56dee916][ADB] Running 'D:\sdk\platform-tools\adb.exe -P 5037 -s emulator-5554 shell am force-stop com.fasterwaytofatloss.FasterWayToFatLoss'
2024-08-19 14:31:56:558 [56dee916][ADB] Running 'D:\sdk\platform-tools\adb.exe -P 5037 -s emulator-5554 shell pm clear com.fasterwaytofatloss.FasterWayToFatLoss'
2024-08-19 14:31:56:642 [56dee916][AndroidUiautomator2Driver@4706] Performed fast reset on the installed 'com.fasterwaytofatloss.FasterWayToFatLoss' application (stop and clear)
2024-08-19 14:31:56:643 [56dee916][AndroidUiautomator2Driver@4706] Performing shallow cleanup of automation leftovers
2024-08-19 14:31:56:732 [56dee916][AndroidUiautomator2Driver@4706] No obsolete sessions have been detected (socket hang up)
2024-08-19 14:31:56:732 [56dee916][ADB] Running 'D:\sdk\platform-tools\adb.exe -P 5037 -s emulator-5554 shell am force-stop io.appium.uiautomator2.server'
2024-08-19 14:31:56:742 [56dee916][ADB] Running 'D:\sdk\platform-tools\adb.exe -P 5037 -s emulator-5554 shell am force-stop io.appium.uiautomator2.server.test'
2024-08-19 14:31:56:850 [56dee916][AndroidUiautomator2Driver@4706] Starting UIAutomator2 server 7.0.22
2024-08-19 14:31:56:850 [56dee916][AndroidUiautomator2Driver@4706] Using UIAutomator2 server from 'C:\Users\Thiago\Downloads\qa-automation-mobile\node_modules\appium-uiautomator2-driver\node_modules\appium-uiautomator2-server\apks\appium-uiautomator2-server-v7.0.22.apk' and test from 'C:\Users\Thiago\Downloads\qa-automation-mobile\node_modules\appium-uiautomator2-driver\node_modules\appium-uiautomator2-server\apks\appium-uiautomator2-server-debug-androidTest.apk'
2024-08-19 14:31:56:851 [56dee916][AndroidUiautomator2Driver@4706] Waiting up to 30000ms for UiAutomator2 to be online...
2024-08-19 14:31:56:851 [56dee916][ADB] Creating ADB subprocess with args: ["-P","5037","-s","emulator-5554","shell","am","instrument","-w","-e","disableAnalytics","true","io.appium.uiautomator2.server.test/androidx.test.runner.AndroidJUnitRunner"]
2024-08-19 14:31:56:863 [56dee916][AndroidUiautomator2Driver@4706] Matched '/status' to command name 'getStatus'
2024-08-19 14:31:56:864 [56dee916][AndroidUiautomator2Driver@4706] Proxying [GET /status] to [GET http://127.0.0.1:8205/status] with no body
2024-08-19 14:31:56:901 [56dee916][AndroidUiautomator2Driver@4706] socket hang up
2024-08-19 14:31:57:613 [56dee916][AndroidUiautomator2Driver@4706] [Instrumentation] 
2024-08-19 14:31:57:905 [56dee916][AndroidUiautomator2Driver@4706] Matched '/status' to command name 'getStatus'
2024-08-19 14:31:57:906 [56dee916][AndroidUiautomator2Driver@4706] Proxying [GET /status] to [GET http://127.0.0.1:8205/status] with no body
2024-08-19 14:31:57:914 [56dee916][AndroidUiautomator2Driver@4706] socket hang up
2024-08-19 14:31:58:924 [56dee916][AndroidUiautomator2Driver@4706] Matched '/status' to command name 'getStatus'
2024-08-19 14:31:58:924 [56dee916][AndroidUiautomator2Driver@4706] Proxying [GET /status] to [GET http://127.0.0.1:8205/status] with no body
2024-08-19 14:31:58:935 [56dee916][AndroidUiautomator2Driver@4706] socket hang up
2024-08-19 14:31:59:944 [56dee916][AndroidUiautomator2Driver@4706] Matched '/status' to command name 'getStatus'
2024-08-19 14:31:59:945 [56dee916][AndroidUiautomator2Driver@4706] Proxying [GET /status] to [GET http://127.0.0.1:8205/status] with no body
2024-08-19 14:32:00:114 [56dee916][AndroidUiautomator2Driver@4706] Got response with status 200: {"sessionId":"None","value":{"message":"UiAutomator2 Server is ready to accept commands","ready":true}}
2024-08-19 14:32:00:115 [56dee916][AndroidUiautomator2Driver@4706] The initialization of the instrumentation process took 3264ms
2024-08-19 14:32:00:116 [56dee916][AndroidUiautomator2Driver@4706] Matched '/session' to command name 'createSession'
2024-08-19 14:32:00:116 [56dee916][AndroidUiautomator2Driver@4706] Proxying [POST /session] to [POST http://127.0.0.1:8205/session] with body: {"capabilities":{"firstMatch":[{"platformName":"Android","deviceName":"emulator-5554","platformVersion":"12.0","orientation":"PORTRAIT","automationName":"UiAutomator2","app":"C:\\Users\\Thiago\\Downloads\\qa-automation-mobile\\apps\\android\\QA-3.3.5(306).apk","appWaitActivity":"com.fasterwaytofatloss.FasterWayToFatLoss.MainActivity","newCommandTimeout":240,"platform":"LINUX","webStorageEnabled":false,"takesScreenshot":true,"javascriptEnabled":true,"databaseEnabled":false,"networkConnectionEnabled":true,"locationContextEnabled":false,"warnings":{},"desired":{"platformName":"Android","deviceName":"emulator -5554","platformVersion":"12.0","orientation":"PORTRAIT","automationName":"UiAutomator2","app":"C:\\Users\\Thiago\\Downloads\\qa-automation-mobile\\apps\\android\\QA-3.3.5(306).apk","appWaitActivity":"com.fasterwaytofatloss.FasterWayToFatLoss.MainActivity","newCommandTimeout":240},"deviceUDID":"emulator-5554","appPackage":"com.fasterwaytofatloss.FasterWayToFatLoss"}],"alwaysMatch":{}}}
2024-08-19 14:32:00:177 [56dee916][AndroidUiautomator2Driver@4706] Got response with status 200: {"sessionId":"5ced68c1-5d0f-438d-a4f7-0661720ad6c2","value":{"capabilities":{"firstMatch":[{"platformName":"Android","deviceName":"emulator-5554","platformVersion":"12.0","orientation":"PORTRAIT","automationName":"UiAutomator2","app":"C:\\Users\\Thiago\\Downloads\\qa-automation-mobile\\apps\\android\\QA-3.3.5(306).apk","appWaitActivity":"com.fasterwaytofatloss.FasterWayToFatLoss.MainActivity","newCommandTimeout":240,"platform":"LINUX","webStorageEnabled":false,"takesScreenshot":true,"javascriptEnabled":true,"databaseEnabled":false,"networkConnectionEnabled":true,"locationContextEnabled":false,"warnings":{},"desired":{"platformName":"Android","deviceName":"emulator -5554","platformVersion":"12.0","orientation":"PORTRAIT","automationName":"UiAutomator2","app":"C:\\Users\\Thiago\\Downloads\\qa-automation-mobile\\apps\\android\\QA-3.3.5(306).apk","appWaitActivity":"com.fasterwaytofatloss.FasterWayToFatLoss.MainActivity","newCommandTimeout":240},"deviceUDID":"emulator-5554","appPackage":"com.fasterwaytofatloss....
2024-08-19 14:32:00:177 [56dee916][AndroidUiautomator2Driver@4706] Determined the downstream protocol as 'W3C'
2024-08-19 14:32:00:220 [56dee916][AndroidUiautomator2Driver@4706] Proxying [GET /appium/device/pixel_ratio] to [GET http://127.0.0.1:8205/session/5ced68c1-5d0f-438d-a4f7-0661720ad6c2/appium/device/pixel_ratio] with no body
2024-08-19 14:32:00:224 [56dee916][AndroidUiautomator2Driver@4706] Matched '/appium/device/system_bars' to command name 'getSystemBars'
2024-08-19 14:32:00:224 [56dee916][AndroidUiautomator2Driver@4706] Proxying [GET /appium/device/system_bars] to [GET http://127.0.0.1:8205/session/5ced68c1-5d0f-438d-a4f7-0661720ad6c2/appium/device/system_bars] with no body
2024-08-19 14:32:00:226 [56dee916][AndroidUiautomator2Driver@4706] Matched '/window/current/size' to command name 'getWindowSize'
2024-08-19 14:32:00:226 [56dee916][AndroidUiautomator2Driver@4706] Proxying [GET /window/current/size] to [GET http://127.0.0.1:8205/session/5ced68c1-5d0f-438d-a4f7-0661720ad6c2/window/current/size] with no body
2024-08-19 14:32:00:236 [56dee916][AndroidUiautomator2Driver@4706] Proxying [GET /appium/device/info] to [GET http://127.0.0.1:8205/session/5ced68c1-5d0f-438d-a4f7-0661720ad6c2/appium/device/info] with no body
2024-08-19 14:32:00:238 [56dee916][ADB] Running 'D:\sdk\platform-tools\adb.exe -P 5037 -s emulator-5554 shell dumpsys window'
2024-08-19 14:32:00:243 [56dee916][ADB] Running 'D:\sdk\platform-tools\adb.exe -P 5037 -s emulator-5554 shell dumpsys power'
2024-08-19 14:32:00:279 [56dee916][AndroidUiautomator2Driver@4706] Got response with status 200: {"sessionId":"5ced68c1-5d0f-438d-a4f7-0661720ad6c2","value":2.625}
2024-08-19 14:32:00:320 [56dee916][AndroidUiautomator2Driver@4706] Got response with status 200: {"sessionId":"5ced68c1-5d0f-438d-a4f7-0661720ad6c2","value":{"statusBar":63}}
2024-08-19 14:32:00:361 [56dee916][AndroidUiautomator2Driver@4706] Got response with status 200: {"sessionId":"5ced68c1-5d0f-438d-a4f7-0661720ad6c2","value":{"androidId":"9dc26f23138e34d7","apiVersion":"31","bluetooth":{"state":"OFF"},"brand":"google","carrierName":"T-Mobile","displayDensity":420,"locale":"en_US","manufacturer":"Google","model":"sdk_gphone64_x86_64","networks":[{"capabilities":{"SSID":null,"linkDownBandwidthKbps":30000,"linkUpstreamBandwidthKbps":15000,"networkCapabilities":"NET_CAPABILITY_MMS,NET_CAPABILITY_SUPL,NET_CAPABILITY_DUN,NET_CAPABILITY_FOTA,NET_CAPABILITY_IMS,NET_CAPABILITY_CBS,NET_CAPABILITY_INTERNET,NET_CAPABILITY_NOT_RESTRICTED,NET_CAPABILITY_TRUSTED,NET_CAPABILITY_NOT_VPN,NET_CAPABILITY_VALIDATED,NET_CAPABILITY_NOT_ROAMING,NET_CAPABILITY_NOT_CONGESTED,NET_CAPABILITY_NOT_SUSPENDED","signalStrength":-2147483648,"transportTypes":"TRANSPORT_CELLULAR"},"detailedState":"CONNECTED","extraInfo":"epc.tmobile.com","isAvailable":true,"isConnected":true,"isFailover":false,"isRoaming":false,"state":"CONNECTED","subtype":13,"subtypeName":"LTE","type":0,"typeName":"MOBILE"},{"capabili...
2024-08-19 14:32:00:372 [56dee916][AndroidUiautomator2Driver@4706] Got response with status 200: {"sessionId":"5ced68c1-5d0f-438d-a4f7-0661720ad6c2","value":{"height":1920,"width":1080}}
2024-08-19 14:32:00:395 [56dee916][AndroidUiautomator2Driver@4706] Screen already unlocked, doing nothing
2024-08-19 14:32:00:395 [56dee916][AndroidUiautomator2Driver@4706] Starting 'com.fasterwaytofatloss.FasterWayToFatLoss/com.zoontek.rnbootsplash.RNBootSplashActivity and waiting for 'com.fasterwaytofatloss.FasterWayToFatLoss/com.fasterwaytofatloss.FasterWayToFatLoss.MainActivity'
2024-08-19 14:32:00:396 [56dee916][ADB] Running 'D:\sdk\platform-tools\adb.exe -P 5037 -s emulator-5554 shell am start -W -n com.fasterwaytofatloss.FasterWayToFatLoss/com.zoontek.rnbootsplash.RNBootSplashActivity -S -a android.intent.action.MAIN -c android.intent.category.LAUNCHER -f 0x10200000'
2024-08-19 14:32:02:824 [56dee916][ADB] Waiting up to 20000ms for activity matching pkg: 'com.fasterwaytofatloss.FasterWayToFatLoss' and activity: 'com.fasterwaytofatloss.FasterWayToFatLoss.MainActivity' to be focused
2024-08-19 14:32:02:824 [56dee916][ADB] Possible activities, to be checked: 'com.fasterwaytofatloss.FasterWayToFatLoss.MainActivity', 'com.fasterwaytofatloss.FasterWayToFatLoss.com.fasterwaytofatloss.FasterWayToFatLoss.MainActivity'
2024-08-19 14:32:02:825 [56dee916][ADB] Getting focused package and activity
2024-08-19 14:32:02:825 [56dee916][ADB] Running 'D:\sdk\platform-tools\adb.exe -P 5037 -s emulator-5554 shell dumpsys window displays'
2024-08-19 14:32:02:990 [56dee916][ADB] Found package: 'com.fasterwaytofatloss.FasterWayToFatLoss' and fully qualified activity name : 'com.fasterwaytofatloss.FasterWayToFatLoss.MainActivity'
2024-08-19 14:32:02:990 [56dee916][AndroidUiautomator2Driver@4706] Setting initial orientation to 'PORTRAIT'
2024-08-19 14:32:02:992 [56dee916][AndroidUiautomator2Driver@4706] Matched '/orientation' to command name 'setOrientation'
2024-08-19 14:32:02:992 [56dee916][AndroidUiautomator2Driver@4706] Proxying [POST /orientation] to [POST http://127.0.0.1:8205/session/5ced68c1-5d0f-438d-a4f7-0661720ad6c2/orientation] with body: {"orientation":"PORTRAIT"}
2024-08-19 14:32:03:061 [56dee916][AndroidUiautomator2Driver@4706] Got response with status 200: {"sessionId":"5ced68c1-5d0f-438d-a4f7-0661720ad6c2","value":"PORTRAIT"}
2024-08-19 14:32:03:062 [56dee916][AppiumDriver@2306] New AndroidUiautomator2Driver session created successfully, session 56dee916-fd12-4188-bf6e-9d4902788666 added to master session list
2024-08-19 14:32:03:063 [56dee916][AppiumDriver@2306] Event 'newSessionStarted' logged at 1724077923063 (11:32:03 GMT-0300 (hora estándar de Argentina))
2024-08-19 14:32:03:063 [56dee916][AndroidUiautomator2Driver@4706] Cached the protocol value 'W3C' for the new session 56dee916-fd12-4188-bf6e-9d4902788666
2024-08-19 14:32:03:065 [56dee916][AndroidUiautomator2Driver@4706] Responding to client with driver.createSession() result: {"capabilities":{"platformName":"Android","deviceName":"emulator-5554","platformVersion":"12","orientation":"PORTRAIT","automationName":"UiAutomator2","app":"C:\\Users\\Thiago\\Downloads\\qa-automation-mobile\\apps\\android\\QA-3.3.5(306).apk","appWaitActivity":"com.fasterwaytofatloss.FasterWayToFatLoss.MainActivity","newCommandTimeout":240,"platform":"LINUX","webStorageEnabled":false,"takesScreenshot":true,"javascriptEnabled":true,"databaseEnabled":false,"networkConnectionEnabled":true,"locationContextEnabled":false,"warnings":{},"desired":{"platformName":"Android","deviceName":"emulator -5554","platformVersion":"12.0","orientation":"PORTRAIT","automationName":"UiAutomator2","app":"C:\\Users\\Thiago\\Downloads\\qa-automation-mobile\\apps\\android\\QA-3.3.5(306).apk","appWaitActivity":"com.fasterwaytofatloss.FasterWayToFatLoss.MainActivity","newCommandTimeout":240},"deviceUDID":"emulator-5554","appPackage":"com.fasterwaytofatloss.FasterWayToFatLoss","pixelRatio":"2.625","statBarHeight":63,"viewportRect":{"...
2024-08-19 14:32:03:069 [56dee916][HTTP] <-- POST /session 200 9796 ms - 1271 
2024-08-19 14:32:03:115 [56dee916][HTTP] --> POST /session/56dee916-fd12-4188-bf6e-9d4902788666/appium/settings {"settings":{"waitForSelectorTimeout":3000}}
2024-08-19 14:32:03:124 [56dee916][AndroidUiautomator2Driver@4706] Calling AppiumDriver.updateSettings() with args: [{"waitForSelectorTimeout":3000},"56dee916-fd12-4188-bf6e-9d4902788666"]
2024-08-19 14:32:03:130 [56dee916][AndroidUiautomator2Driver@4706] Matched '/appium/settings' to command name 'updateSettings'
2024-08-19 14:32:03:131 [56dee916][AndroidUiautomator2Driver@4706] Proxying [POST /appium/settings] to [POST http://127.0.0.1:8205/session/5ced68c1-5d0f-438d-a4f7-0661720ad6c2/appium/settings] with body: {"settings":{"waitForSelectorTimeout":3000}}
2024-08-19 14:32:03:192 [56dee916][AndroidUiautomator2Driver@4706] Got response with status 200: {"sessionId":"5ced68c1-5d0f-438d-a4f7-0661720ad6c2","value":null}
2024-08-19 14:32:03:193 [56dee916][AndroidUiautomator2Driver@4706] Responding to client with driver.updateSettings() result: null
2024-08-19 14:32:03:194 [56dee916][HTTP] <-- POST /session/56dee916-fd12-4188-bf6e-9d4902788666/appium/settings 200 78 ms - 14 
2024-08-19 14:32:03:386 [56dee916][HTTP] --> DELETE /session/56dee916-fd12-4188-bf6e-9d4902788666 {"deleteSessionOpts":{"shutdownDriver":false}}
2024-08-19 14:32:03:386 [56dee916][AndroidUiautomator2Driver@4706] Calling AppiumDriver.deleteSession() with args: ["56dee916-fd12-4188-bf6e-9d4902788666"]
2024-08-19 14:32:03:387 [56dee916][AppiumDriver@2306] Event 'quitSessionRequested' logged at 1724077923387 (11:32:03 GMT-0300 (hora estándar de Argentina))
2024-08-19 14:32:03:387 [56dee916][AppiumDriver@2306] Removing session 56dee916-fd12-4188-bf6e-9d4902788666 from our master session list
2024-08-19 14:32:03:388 [56dee916][AndroidUiautomator2Driver@4706] Deleting UiAutomator2 session
2024-08-19 14:32:03:388 [56dee916][AndroidUiautomator2Driver@4706] Deleting UiAutomator2 server session
2024-08-19 14:32:03:389 [56dee916][AndroidUiautomator2Driver@4706] Matched '/' to command name 'deleteSession'
2024-08-19 14:32:03:389 [56dee916][AndroidUiautomator2Driver@4706] Proxying [DELETE /] to [DELETE http://127.0.0.1:8205/session/5ced68c1-5d0f-438d-a4f7-0661720ad6c2] with no body
2024-08-19 14:32:03:456 [56dee916][AndroidUiautomator2Driver@4706] Got response with status 200: {"sessionId":"5ced68c1-5d0f-438d-a4f7-0661720ad6c2","value":null}
2024-08-19 14:32:03:459 [56dee916][AndroidUiautomator2Driver@4706] [Instrumentation] io.appium.uiautomator2.server.test.AppiumUiAutomator2Server:
2024-08-19 14:32:03:461 [56dee916][AndroidUiautomator2Driver@4706] [Instrumentation] The process has exited with code null, signal SIGTERM
2024-08-19 14:32:03:462 [56dee916][ADB] Running 'D:\sdk\platform-tools\adb.exe -P 5037 -s emulator-5554 shell dumpsys activity services io.appium.settings/.recorder.RecorderService'
2024-08-19 14:32:03:468 [56dee916][ADB] Running 'D:\sdk\platform-tools\adb.exe -P 5037 -s emulator-5554 shell am force-stop com.fasterwaytofatloss.FasterWayToFatLoss'
2024-08-19 14:32:03:971 [56dee916][ADB] Removing forwarded port socket connection: 8205 
2024-08-19 14:32:03:971 [56dee916][ADB] Running 'D:\sdk\platform-tools\adb.exe -P 5037 -s emulator-5554 forward --remove tcp:8205'
2024-08-19 14:32:04:022 [56dee916][AndroidUiautomator2Driver@4706] Restoring hidden api policy to the device default configuration
2024-08-19 14:32:04:022 [56dee916][ADB] Running 'D:\sdk\platform-tools\adb.exe -P 5037 -s emulator-5554 shell 'settings delete global hidden_api_policy_pre_p_apps;settings delete global hidden_api_policy_p_apps;settings delete global hidden_api_policy''
2024-08-19 14:32:04:678 [56dee916][Logcat] Stopping logcat capture
2024-08-19 14:32:04:685 [56dee916][AppiumDriver@2306] Event 'quitSessionFinished' logged at 1724077924685 (11:32:04 GMT-0300 (hora estándar de Argentina))
2024-08-19 14:32:04:685 [56dee916][AppiumDriver@2306] Received response: null
2024-08-19 14:32:04:686 [56dee916][AppiumDriver@2306] But deleting session, so not returning
2024-08-19 14:32:04:686 [56dee916][AppiumDriver@2306] Responding to client with driver.deleteSession() result: null
2024-08-19 14:32:04:687 [56dee916][HTTP] <-- DELETE /session/56dee916-fd12-4188-bf6e-9d4902788666 200 1300 ms - 14 
2024-08-19 14:32:04:702 [HTTP] --> POST /session {"capabilities":{"alwaysMatch":{"platformName":"Android","appium:deviceName":"emulator -5554","appium:platformVersion":"12.0","appium:orientation":"PORTRAIT","appium:automationName":"UiAutomator2","appium:app":"C:\\Users\\Thiago\\Downloads\\qa-automation-mobile\\apps\\android\\QA-3.3.5(306).apk","appium:appWaitActivity":"com.fasterwaytofatloss.FasterWayToFatLoss.MainActivity","appium:newCommandTimeout":240},"firstMatch":[{}]},"desiredCapabilities":{"platformName":"Android","appium:deviceName":"emulator -5554","appium:platformVersion":"12.0","appium:orientation":"PORTRAIT","appium:automationName":"UiAutomator2","appium:app":"C:\\Users\\Thiago\\Downloads\\qa-automation-mobile\\apps\\android\\QA-3.3.5(306).apk","appium:appWaitActivity":"com.fasterwaytofatloss.FasterWayToFatLoss.MainActivity","appium:newCommandTimeout":240}}
2024-08-19 14:32:04:702 [AppiumDriver@2306] Calling AppiumDriver.createSession() with args: [{"platformName":"Android","appium:deviceName":"emulator -5554","appium:platformVersion":"12.0","appium:orientation":"PORTRAIT","appium:automationName":"UiAutomator2","appium:app":"C:\\Users\\Thiago\\Downloads\\qa-automation-mobile\\apps\\android\\QA-3.3.5(306).apk","appium:appWaitActivity":"com.fasterwaytofatloss.FasterWayToFatLoss.MainActivity","appium:newCommandTimeout":240},null,{"alwaysMatch":{"platformName":"Android","appium:deviceName":"emulator -5554","appium:platformVersion":"12.0","appium:orientation":"PORTRAIT","appium:automationName":"UiAutomator2","appium:app":"C:\\Users\\Thiago\\Downloads\\qa-automation-mobile\\apps\\android\\QA-3.3.5(306).apk","appium:appWaitActivity":"com.fasterwaytofatloss.FasterWayToFatLoss.MainActivity","appium:newCommandTimeout":240},"firstMatch":[{}]}]
2024-08-19 14:32:04:702 [AppiumDriver@2306] Event 'newSessionRequested' logged at 1724077924702 (11:32:04 GMT-0300 (hora estándar de Argentina))
2024-08-19 14:32:04:703 [Appium] Attempting to find matching driver for automationName 'UiAutomator2' and platformName 'Android'
2024-08-19 14:32:04:703 [Appium] The 'uiautomator2' driver was installed and matched caps.
2024-08-19 14:32:04:704 [Appium] Will require it at C:\Users\Thiago\Downloads\qa-automation-mobile\node_modules\appium-uiautomator2-driver
2024-08-19 14:32:04:705 [Appium] Requiring driver at C:\Users\Thiago\Downloads\qa-automation-mobile\node_modules\appium-uiautomator2-driver\build\index.js
2024-08-19 14:32:04:708 [AppiumDriver@2306] Appium v2.11.3 creating new AndroidUiautomator2Driver (v3.7.7) session
2024-08-19 14:32:04:708 [AppiumDriver@2306] Checking BaseDriver versions for Appium and AndroidUiautomator2Driver
2024-08-19 14:32:04:708 [AppiumDriver@2306] Appium's BaseDriver version is 9.11.3
2024-08-19 14:32:04:708 [AppiumDriver@2306] AndroidUiautomator2Driver's BaseDriver version is 9.11.3
2024-08-19 14:32:04:709 [AppiumDriver@2306] Applying relaxed security to 'AndroidUiautomator2Driver' as per server command line argument. All insecure features will be enabled unless explicitly disabled by --deny-insecure
2024-08-19 14:32:04:709 [38;5;-68m[AndroidUiautomator2Driver@4579] 
2024-08-19 14:32:04:709 [38;5;-68m[AndroidUiautomator2Driver@4579] Creating session with W3C capabilities: {
  "alwaysMatch": {
    "platformName": "Android",
    "appium:deviceName": "emulator -5554",
    "appium:platformVersion": "12.0",
    "appium:orientation": "PORTRAIT",
    "appium:automationName": "UiAutomator2",
    "appium:app": "C:\\Users\\Thiago\\Downloads\\qa-automation-mobile\\apps\\android\\QA-3.3.5(306).apk",
    "appium:appWaitActivity": "com.fasterwaytofatloss.FasterWayToFatLoss.MainActivity",
    "appium:newCommandTimeout": 240
  },
  "firstMatch": [
    {}
  ]
}
2024-08-19 14:32:04:715 [9eda510c][38;5;-68m[AndroidUiautomator2Driver@4579] Session created with session id: 9eda510c-c546-4d8b-90fb-b35d7a4a7270
2024-08-19 14:32:04:718 [9eda510c][ADB] Using 'adb.exe' from 'D:\sdk\platform-tools\adb.exe'
2024-08-19 14:32:04:719 [9eda510c][ADB] Running 'D:\sdk\platform-tools\adb.exe -P 5037 start-server'
2024-08-19 14:32:04:763 [9eda510c][38;5;-68m[AndroidUiautomator2Driver@4579] Retrieving device list
2024-08-19 14:32:04:763 [9eda510c][ADB] Trying to find connected Android devices
2024-08-19 14:32:04:764 [9eda510c][ADB] Getting connected devices
2024-08-19 14:32:04:828 [9eda510c][ADB] Connected devices: [{"udid":"emulator-5554","state":"device"}]
2024-08-19 14:32:04:828 [9eda510c][38;5;-68m[AndroidUiautomator2Driver@4579] Looking for a device with Android '12.0.0'
2024-08-19 14:32:04:828 [9eda510c][ADB] Setting device id to emulator-5554
2024-08-19 14:32:04:828 [9eda510c][ADB] Getting device platform version
2024-08-19 14:32:04:829 [9eda510c][ADB] Running 'D:\sdk\platform-tools\adb.exe -P 5037 -s emulator-5554 shell getprop ro.build.version.release'
2024-08-19 14:32:04:885 [9eda510c][ADB] Current device property 'ro.build.version.release': 12
2024-08-19 14:32:04:885 [9eda510c][38;5;-68m[AndroidUiautomator2Driver@4579] Using device: emulator-5554
2024-08-19 14:32:04:887 [9eda510c][ADB] Using 'adb.exe' from 'D:\sdk\platform-tools\adb.exe'
2024-08-19 14:32:04:887 [9eda510c][ADB] Running 'D:\sdk\platform-tools\adb.exe -P 5037 start-server'
2024-08-19 14:32:04:910 [9eda510c][ADB] Setting device id to emulator-5554
2024-08-19 14:32:04:911 [9eda510c][BaseDriver] Using local app 'C:\Users\Thiago\Downloads\qa-automation-mobile\apps\android\QA-3.3.5(306).apk'
2024-08-19 14:32:05:083 [9eda510c][38;5;-68m[AndroidUiautomator2Driver@4579] Checking whether app is actually present
2024-08-19 14:32:05:083 [9eda510c][ADB] Running 'D:\sdk\platform-tools\adb.exe -P 5037 -s emulator-5554 shell getprop ro.build.version.sdk'
2024-08-19 14:32:05:116 [9eda510c][ADB] Current device property 'ro.build.version.sdk': 31
2024-08-19 14:32:05:116 [9eda510c][ADB] Getting device platform version
2024-08-19 14:32:05:117 [9eda510c][ADB] Running 'D:\sdk\platform-tools\adb.exe -P 5037 -s emulator-5554 shell getprop ro.build.version.release'
2024-08-19 14:32:05:151 [9eda510c][ADB] Current device property 'ro.build.version.release': 12
2024-08-19 14:32:05:151 [9eda510c][ADB] Device API level: 31
2024-08-19 14:32:05:151 [9eda510c][38;5;-68m[AndroidUiautomator2Driver@4579] Relaxing hidden api policy
2024-08-19 14:32:05:151 [9eda510c][ADB] Running 'D:\sdk\platform-tools\adb.exe -P 5037 -s emulator-5554 shell 'settings put global hidden_api_policy_pre_p_apps 1;settings put global hidden_api_policy_p_apps 1;settings put global hidden_api_policy 1''
2024-08-19 14:32:05:156 [9eda510c][38;5;-68m[AndroidUiautomator2Driver@4579] Parsing package and activity from app manifest
2024-08-19 14:32:05:156 [9eda510c][ADB] Running 'D:\sdk\platform-tools\adb.exe -P 5037 -s emulator-5554 wait-for-device'
2024-08-19 14:32:05:161 [9eda510c][ADB] Using 'aapt2.exe' from 'D:\sdk\build-tools\35.0.0\aapt2.exe'
2024-08-19 14:32:05:161 [9eda510c][ADB] Reading package manifest: 'D:\\sdk\\build-tools\\35.0.0\\aapt2.exe dump badging C:\\Users\\Thiago\\Downloads\\qa-automation-mobile\\apps\\android\\QA-3.3.5\(306\).apk'
2024-08-19 14:32:05:192 [9eda510c][ADB] Running 'D:\sdk\platform-tools\adb.exe -P 5037 -s emulator-5554 shell echo ping'
2024-08-19 14:32:05:236 [9eda510c][38;5;-68m[AndroidUiautomator2Driver@4579] Pushing settings apk to the device...
2024-08-19 14:32:05:237 [9eda510c][ADB] Getting package info for 'io.appium.settings'
2024-08-19 14:32:05:237 [9eda510c][ADB] Running 'D:\sdk\platform-tools\adb.exe -P 5037 -s emulator-5554 shell dumpsys package io.appium.settings'
2024-08-19 14:32:05:287 [9eda510c][ADB] Reading package manifest: 'D:\\sdk\\build-tools\\35.0.0\\aapt2.exe dump badging C:\\Users\\Thiago\\Downloads\\qa-automation-mobile\\node_modules\\appium-uiautomator2-driver\\node_modules\\io.appium.settings\\apks\\settings_apk-debug.apk'
2024-08-19 14:32:05:307 [9eda510c][ADB] The version name of the installed 'io.appium.settings' is greater or equal to the application version name ('5.12.11' >= '5.12.11')
2024-08-19 14:32:05:308 [9eda510c][ADB] There is no need to install/upgrade 'C:\Users\Thiago\Downloads\qa-automation-mobile\node_modules\appium-uiautomator2-driver\node_modules\io.appium.settings\apks\settings_apk-debug.apk'
2024-08-19 14:32:05:308 [9eda510c][ADB] Running 'D:\sdk\platform-tools\adb.exe -P 5037 -s emulator-5554 shell dumpsys activity services io.appium.settings'
2024-08-19 14:32:05:350 [9eda510c][38;5;-68m[AndroidUiautomator2Driver@4579] io.appium.settings is already running. There is no need to reset its permissions.
2024-08-19 14:32:05:350 [9eda510c][Logcat] Starting logs capture with command: D:\\sdk\\platform-tools\\adb.exe -P 5037 -s emulator-5554 logcat -v threadtime
2024-08-19 14:32:05:355 [9eda510c][ADB] Package name: 'com.fasterwaytofatloss.FasterWayToFatLoss'
2024-08-19 14:32:05:355 [9eda510c][ADB] Main activity name: 'com.zoontek.rnbootsplash.RNBootSplashActivity'
2024-08-19 14:32:05:356 [9eda510c][38;5;-68m[AndroidUiautomator2Driver@4579] Parsed package and activity are: com.fasterwaytofatloss.FasterWayToFatLoss/com.zoontek.rnbootsplash.RNBootSplashActivity
2024-08-19 14:32:05:393 [9eda510c][38;5;-68m[AndroidUiautomator2Driver@4579] Forwarding UiAutomator2 Server port 6790 to local port 8205
2024-08-19 14:32:05:394 [9eda510c][ADB] Forwarding system: 8205 to device: 6790
2024-08-19 14:32:05:394 [9eda510c][ADB] Running 'D:\sdk\platform-tools\adb.exe -P 5037 -s emulator-5554 forward tcp:8205 tcp:6790'
2024-08-19 14:32:05:424 [9eda510c][ADB] Getting package info for 'io.appium.uiautomator2.server'
2024-08-19 14:32:05:424 [9eda510c][ADB] Running 'D:\sdk\platform-tools\adb.exe -P 5037 -s emulator-5554 shell dumpsys package io.appium.uiautomator2.server'
2024-08-19 14:32:05:428 [9eda510c][ADB] Getting install status for io.appium.uiautomator2.server.test
2024-08-19 14:32:05:428 [9eda510c][ADB] Checking app cert for C:\Users\Thiago\Downloads\qa-automation-mobile\apps\android\QA-3.3.5(306).apk
2024-08-19 14:32:05:428 [9eda510c][ADB] Running 'D:\sdk\platform-tools\adb.exe -P 5037 -s emulator-5554 shell cmd package list packages'
2024-08-19 14:32:05:561 [9eda510c][ADB] Reading package manifest: 'D:\\sdk\\build-tools\\35.0.0\\aapt2.exe dump badging C:\\Users\\Thiago\\Downloads\\qa-automation-mobile\\node_modules\\appium-uiautomator2-driver\\node_modules\\appium-uiautomator2-server\\apks\\appium-uiautomator2-server-v7.0.22.apk'
2024-08-19 14:32:05:626 [9eda510c][ADB] 'io.appium.uiautomator2.server.test' is installed
2024-08-19 14:32:05:654 [9eda510c][ADB] The version name of the installed 'io.appium.uiautomator2.server' is greater or equal to the application version name ('7.0.22' >= '7.0.22')
2024-08-19 14:32:05:657 [9eda510c][38;5;-68m[AndroidUiautomator2Driver@4579] Server packages status: [{"installState":"sameVersionInstalled","appPath":"C:\\Users\\Thiago\\Downloads\\qa-automation-mobile\\node_modules\\appium-uiautomator2-driver\\node_modules\\appium-uiautomator2-server\\apks\\appium-uiautomator2-server-v7.0.22.apk","appId":"io.appium.uiautomator2.server"},{"installState":"sameVersionInstalled","appPath":"C:\\Users\\Thiago\\Downloads\\qa-automation-mobile\\node_modules\\appium-uiautomator2-driver\\node_modules\\appium-uiautomator2-server\\apks\\appium-uiautomator2-server-debug-androidTest.apk","appId":"io.appium.uiautomator2.server.test"}]
2024-08-19 14:32:05:657 [9eda510c][38;5;-68m[AndroidUiautomator2Driver@4579] Server packages are not going to be (re)installed
2024-08-19 14:32:05:658 [9eda510c][38;5;-68m[AndroidUiautomator2Driver@4579] Waiting up to 30000ms for services to be available
2024-08-19 14:32:05:658 [9eda510c][ADB] Running 'D:\sdk\platform-tools\adb.exe -P 5037 -s emulator-5554 shell pm list instrumentation'
2024-08-19 14:32:05:825 [9eda510c][38;5;-68m[AndroidUiautomator2Driver@4579] Instrumentation target 'io.appium.uiautomator2.server.test/androidx.test.runner.AndroidJUnitRunner' is available
2024-08-19 14:32:05:827 [9eda510c][ADB] Adding packages ["io.appium.settings","io.appium.uiautomator2.server","io.appium.uiautomator2.server.test"] to Doze whitelist
2024-08-19 14:32:05:827 [9eda510c][ADB] Got the following command chunks to execute: [["dumpsys","deviceidle","whitelist","+io.appium.settings",";","dumpsys","deviceidle","whitelist","+io.appium.uiautomator2.server",";","dumpsys","deviceidle","whitelist","+io.appium.uiautomator2.server.test",";"]]
2024-08-19 14:32:05:827 [9eda510c][ADB] Running 'D:\sdk\platform-tools\adb.exe -P 5037 -s emulator-5554 shell dumpsys deviceidle whitelist +io.appium.settings ; dumpsys deviceidle whitelist +io.appium.uiautomator2.server ; dumpsys deviceidle whitelist +io.appium.uiautomator2.server.test ;'
2024-08-19 14:32:05:930 [9eda510c][ADB] Using the previously cached signature entry for 'QA-3.3.5(306).apk'
2024-08-19 14:32:05:930 [9eda510c][ADB] Getting package info for 'com.fasterwaytofatloss.FasterWayToFatLoss'
2024-08-19 14:32:05:930 [9eda510c][ADB] Running 'D:\sdk\platform-tools\adb.exe -P 5037 -s emulator-5554 shell dumpsys package com.fasterwaytofatloss.FasterWayToFatLoss'
2024-08-19 14:32:06:041 [9eda510c][ADB] Reading package manifest: 'D:\\sdk\\build-tools\\35.0.0\\aapt2.exe dump badging C:\\Users\\Thiago\\Downloads\\qa-automation-mobile\\apps\\android\\QA-3.3.5\(306\).apk'
2024-08-19 14:32:06:263 [9eda510c][ADB] The version name of the installed 'com.fasterwaytofatloss.FasterWayToFatLoss' is greater or equal to the application version name ('3.3.5' >= '3.3.5')
2024-08-19 14:32:06:264 [9eda510c][ADB] There is no need to install/upgrade 'C:\Users\Thiago\Downloads\qa-automation-mobile\apps\android\QA-3.3.5(306).apk'
2024-08-19 14:32:06:264 [9eda510c][38;5;-68m[AndroidUiautomator2Driver@4579] Performing fast reset on 'com.fasterwaytofatloss.FasterWayToFatLoss'
2024-08-19 14:32:06:264 [9eda510c][ADB] Getting install status for com.fasterwaytofatloss.FasterWayToFatLoss
2024-08-19 14:32:06:264 [9eda510c][ADB] Running 'D:\sdk\platform-tools\adb.exe -P 5037 -s emulator-5554 shell cmd package list packages'
2024-08-19 14:32:06:351 [9eda510c][ADB] 'com.fasterwaytofatloss.FasterWayToFatLoss' is installed
2024-08-19 14:32:06:351 [9eda510c][ADB] Running 'D:\sdk\platform-tools\adb.exe -P 5037 -s emulator-5554 shell am force-stop com.fasterwaytofatloss.FasterWayToFatLoss'
2024-08-19 14:32:06:472 [9eda510c][ADB] Running 'D:\sdk\platform-tools\adb.exe -P 5037 -s emulator-5554 shell pm clear com.fasterwaytofatloss.FasterWayToFatLoss'
2024-08-19 14:32:06:727 [9eda510c][38;5;-68m[AndroidUiautomator2Driver@4579] Performed fast reset on the installed 'com.fasterwaytofatloss.FasterWayToFatLoss' application (stop and clear)
2024-08-19 14:32:06:728 [9eda510c][38;5;-68m[AndroidUiautomator2Driver@4579] Performing shallow cleanup of automation leftovers
2024-08-19 14:32:06:738 [9eda510c][38;5;-68m[AndroidUiautomator2Driver@4579] No obsolete sessions have been detected (socket hang up)
2024-08-19 14:32:06:738 [9eda510c][ADB] Running 'D:\sdk\platform-tools\adb.exe -P 5037 -s emulator-5554 shell am force-stop io.appium.uiautomator2.server'
2024-08-19 14:32:06:743 [9eda510c][ADB] Running 'D:\sdk\platform-tools\adb.exe -P 5037 -s emulator-5554 shell am force-stop io.appium.uiautomator2.server.test'
2024-08-19 14:32:07:032 [9eda510c][38;5;-68m[AndroidUiautomator2Driver@4579] Starting UIAutomator2 server 7.0.22
2024-08-19 14:32:07:032 [9eda510c][38;5;-68m[AndroidUiautomator2Driver@4579] Using UIAutomator2 server from 'C:\Users\Thiago\Downloads\qa-automation-mobile\node_modules\appium-uiautomator2-driver\node_modules\appium-uiautomator2-server\apks\appium-uiautomator2-server-v7.0.22.apk' and test from 'C:\Users\Thiago\Downloads\qa-automation-mobile\node_modules\appium-uiautomator2-driver\node_modules\appium-uiautomator2-server\apks\appium-uiautomator2-server-debug-androidTest.apk'
2024-08-19 14:32:07:032 [9eda510c][38;5;-68m[AndroidUiautomator2Driver@4579] Waiting up to 30000ms for UiAutomator2 to be online...
2024-08-19 14:32:07:033 [9eda510c][ADB] Creating ADB subprocess with args: ["-P","5037","-s","emulator-5554","shell","am","instrument","-w","-e","disableAnalytics","true","io.appium.uiautomator2.server.test/androidx.test.runner.AndroidJUnitRunner"]
2024-08-19 14:32:07:038 [9eda510c][38;5;-68m[AndroidUiautomator2Driver@4579] Matched '/status' to command name 'getStatus'
2024-08-19 14:32:07:039 [9eda510c][38;5;-68m[AndroidUiautomator2Driver@4579] Proxying [GET /status] to [GET http://127.0.0.1:8205/status] with no body
2024-08-19 14:32:07:047 [9eda510c][38;5;-68m[AndroidUiautomator2Driver@4579] socket hang up
2024-08-19 14:32:08:047 [9eda510c][38;5;-68m[AndroidUiautomator2Driver@4579] [Instrumentation] 
2024-08-19 14:32:08:047 [9eda510c][38;5;-68m[AndroidUiautomator2Driver@4579] Matched '/status' to command name 'getStatus'
2024-08-19 14:32:08:048 [9eda510c][38;5;-68m[AndroidUiautomator2Driver@4579] Proxying [GET /status] to [GET http://127.0.0.1:8205/status] with no body
2024-08-19 14:32:08:055 [9eda510c][38;5;-68m[AndroidUiautomator2Driver@4579] socket hang up
2024-08-19 14:32:09:056 [9eda510c][38;5;-68m[AndroidUiautomator2Driver@4579] Matched '/status' to command name 'getStatus'
2024-08-19 14:32:09:057 [9eda510c][38;5;-68m[AndroidUiautomator2Driver@4579] Proxying [GET /status] to [GET http://127.0.0.1:8205/status] with no body
2024-08-19 14:32:09:065 [9eda510c][38;5;-68m[AndroidUiautomator2Driver@4579] socket hang up
2024-08-19 14:32:10:071 [9eda510c][38;5;-68m[AndroidUiautomator2Driver@4579] Matched '/status' to command name 'getStatus'
2024-08-19 14:32:10:072 [9eda510c][38;5;-68m[AndroidUiautomator2Driver@4579] Proxying [GET /status] to [GET http://127.0.0.1:8205/status] with no body
2024-08-19 14:32:10:245 [9eda510c][38;5;-68m[AndroidUiautomator2Driver@4579] Got response with status 200: {"sessionId":"None","value":{"message":"UiAutomator2 Server is ready to accept commands","ready":true}}
2024-08-19 14:32:10:245 [9eda510c][38;5;-68m[AndroidUiautomator2Driver@4579] The initialization of the instrumentation process took 3213ms
2024-08-19 14:32:10:246 [9eda510c][38;5;-68m[AndroidUiautomator2Driver@4579] Matched '/session' to command name 'createSession'
2024-08-19 14:32:10:246 [9eda510c][38;5;-68m[AndroidUiautomator2Driver@4579] Proxying [POST /session] to [POST http://127.0.0.1:8205/session] with body: {"capabilities":{"firstMatch":[{"platformName":"Android","deviceName":"emulator-5554","platformVersion":"12.0","orientation":"PORTRAIT","automationName":"UiAutomator2","app":"C:\\Users\\Thiago\\Downloads\\qa-automation-mobile\\apps\\android\\QA-3.3.5(306).apk","appWaitActivity":"com.fasterwaytofatloss.FasterWayToFatLoss.MainActivity","newCommandTimeout":240,"platform":"LINUX","webStorageEnabled":false,"takesScreenshot":true,"javascriptEnabled":true,"databaseEnabled":false,"networkConnectionEnabled":true,"locationContextEnabled":false,"warnings":{},"desired":{"platformName":"Android","deviceName":"emulator -5554","platformVersion":"12.0","orientation":"PORTRAIT","automationName":"UiAutomator2","app":"C:\\Users\\Thiago\\Downloads\\qa-automation-mobile\\apps\\android\\QA-3.3.5(306).apk","appWaitActivity":"com.fasterwaytofatloss.FasterWayToFatLoss.MainActivity","newCommandTimeout":240},"deviceUDID":"emulator-5554","appPackage":"com.fasterwaytofatloss.FasterWayToFatLoss"}],"alwaysMatch":{}}}
2024-08-19 14:32:10:306 [9eda510c][38;5;-68m[AndroidUiautomator2Driver@4579] Got response with status 200: {"sessionId":"3c8ded7f-c303-4e52-8cb8-4b61f78e2142","value":{"capabilities":{"firstMatch":[{"platformName":"Android","deviceName":"emulator-5554","platformVersion":"12.0","orientation":"PORTRAIT","automationName":"UiAutomator2","app":"C:\\Users\\Thiago\\Downloads\\qa-automation-mobile\\apps\\android\\QA-3.3.5(306).apk","appWaitActivity":"com.fasterwaytofatloss.FasterWayToFatLoss.MainActivity","newCommandTimeout":240,"platform":"LINUX","webStorageEnabled":false,"takesScreenshot":true,"javascriptEnabled":true,"databaseEnabled":false,"networkConnectionEnabled":true,"locationContextEnabled":false,"warnings":{},"desired":{"platformName":"Android","deviceName":"emulator -5554","platformVersion":"12.0","orientation":"PORTRAIT","automationName":"UiAutomator2","app":"C:\\Users\\Thiago\\Downloads\\qa-automation-mobile\\apps\\android\\QA-3.3.5(306).apk","appWaitActivity":"com.fasterwaytofatloss.FasterWayToFatLoss.MainActivity","newCommandTimeout":240},"deviceUDID":"emulator-5554","appPackage":"com.fasterwaytofatloss....
2024-08-19 14:32:10:306 [9eda510c][38;5;-68m[AndroidUiautomator2Driver@4579] Determined the downstream protocol as 'W3C'
2024-08-19 14:32:10:345 [9eda510c][38;5;-68m[AndroidUiautomator2Driver@4579] Proxying [GET /appium/device/pixel_ratio] to [GET http://127.0.0.1:8205/session/3c8ded7f-c303-4e52-8cb8-4b61f78e2142/appium/device/pixel_ratio] with no body
2024-08-19 14:32:10:352 [9eda510c][38;5;-68m[AndroidUiautomator2Driver@4579] Matched '/appium/device/system_bars' to command name 'getSystemBars'
2024-08-19 14:32:10:352 [9eda510c][38;5;-68m[AndroidUiautomator2Driver@4579] Proxying [GET /appium/device/system_bars] to [GET http://127.0.0.1:8205/session/3c8ded7f-c303-4e52-8cb8-4b61f78e2142/appium/device/system_bars] with no body
2024-08-19 14:32:10:354 [9eda510c][38;5;-68m[AndroidUiautomator2Driver@4579] Matched '/window/current/size' to command name 'getWindowSize'
2024-08-19 14:32:10:354 [9eda510c][38;5;-68m[AndroidUiautomator2Driver@4579] Proxying [GET /window/current/size] to [GET http://127.0.0.1:8205/session/3c8ded7f-c303-4e52-8cb8-4b61f78e2142/window/current/size] with no body
2024-08-19 14:32:10:362 [9eda510c][38;5;-68m[AndroidUiautomator2Driver@4579] Proxying [GET /appium/device/info] to [GET http://127.0.0.1:8205/session/3c8ded7f-c303-4e52-8cb8-4b61f78e2142/appium/device/info] with no body
2024-08-19 14:32:10:363 [9eda510c][ADB] Running 'D:\sdk\platform-tools\adb.exe -P 5037 -s emulator-5554 shell dumpsys window'
2024-08-19 14:32:10:367 [9eda510c][ADB] Running 'D:\sdk\platform-tools\adb.exe -P 5037 -s emulator-5554 shell dumpsys power'
2024-08-19 14:32:10:403 [9eda510c][38;5;-68m[AndroidUiautomator2Driver@4579] Got response with status 200: {"sessionId":"3c8ded7f-c303-4e52-8cb8-4b61f78e2142","value":2.625}
2024-08-19 14:32:10:419 [9eda510c][38;5;-68m[AndroidUiautomator2Driver@4579] Got response with status 200: {"sessionId":"3c8ded7f-c303-4e52-8cb8-4b61f78e2142","value":{"height":1920,"width":1080}}
2024-08-19 14:32:10:431 [9eda510c][38;5;-68m[AndroidUiautomator2Driver@4579] Got response with status 200: {"sessionId":"3c8ded7f-c303-4e52-8cb8-4b61f78e2142","value":{"statusBar":63}}
2024-08-19 14:32:10:469 [9eda510c][38;5;-68m[AndroidUiautomator2Driver@4579] Got response with status 200: {"sessionId":"3c8ded7f-c303-4e52-8cb8-4b61f78e2142","value":{"androidId":"9dc26f23138e34d7","apiVersion":"31","bluetooth":{"state":"OFF"},"brand":"google","carrierName":"T-Mobile","displayDensity":420,"locale":"en_US","manufacturer":"Google","model":"sdk_gphone64_x86_64","networks":[{"capabilities":{"SSID":null,"linkDownBandwidthKbps":30000,"linkUpstreamBandwidthKbps":15000,"networkCapabilities":"NET_CAPABILITY_MMS,NET_CAPABILITY_SUPL,NET_CAPABILITY_DUN,NET_CAPABILITY_FOTA,NET_CAPABILITY_IMS,NET_CAPABILITY_CBS,NET_CAPABILITY_INTERNET,NET_CAPABILITY_NOT_RESTRICTED,NET_CAPABILITY_TRUSTED,NET_CAPABILITY_NOT_VPN,NET_CAPABILITY_VALIDATED,NET_CAPABILITY_NOT_ROAMING,NET_CAPABILITY_NOT_CONGESTED,NET_CAPABILITY_NOT_SUSPENDED","signalStrength":-2147483648,"transportTypes":"TRANSPORT_CELLULAR"},"detailedState":"CONNECTED","extraInfo":"epc.tmobile.com","isAvailable":true,"isConnected":true,"isFailover":false,"isRoaming":false,"state":"CONNECTED","subtype":13,"subtypeName":"LTE","type":0,"typeName":"MOBILE"},{"capabili...
2024-08-19 14:32:10:530 [9eda510c][38;5;-68m[AndroidUiautomator2Driver@4579] Screen already unlocked, doing nothing
2024-08-19 14:32:10:530 [9eda510c][38;5;-68m[AndroidUiautomator2Driver@4579] Starting 'com.fasterwaytofatloss.FasterWayToFatLoss/com.zoontek.rnbootsplash.RNBootSplashActivity and waiting for 'com.fasterwaytofatloss.FasterWayToFatLoss/com.fasterwaytofatloss.FasterWayToFatLoss.MainActivity'
2024-08-19 14:32:10:531 [9eda510c][ADB] Running 'D:\sdk\platform-tools\adb.exe -P 5037 -s emulator-5554 shell am start -W -n com.fasterwaytofatloss.FasterWayToFatLoss/com.zoontek.rnbootsplash.RNBootSplashActivity -S -a android.intent.action.MAIN -c android.intent.category.LAUNCHER -f 0x10200000'
2024-08-19 14:32:13:036 [9eda510c][ADB] Waiting up to 20000ms for activity matching pkg: 'com.fasterwaytofatloss.FasterWayToFatLoss' and activity: 'com.fasterwaytofatloss.FasterWayToFatLoss.MainActivity' to be focused
2024-08-19 14:32:13:036 [9eda510c][ADB] Possible activities, to be checked: 'com.fasterwaytofatloss.FasterWayToFatLoss.MainActivity', 'com.fasterwaytofatloss.FasterWayToFatLoss.com.fasterwaytofatloss.FasterWayToFatLoss.MainActivity'
2024-08-19 14:32:13:036 [9eda510c][ADB] Getting focused package and activity
2024-08-19 14:32:13:037 [9eda510c][ADB] Running 'D:\sdk\platform-tools\adb.exe -P 5037 -s emulator-5554 shell dumpsys window displays'
2024-08-19 14:32:13:154 [9eda510c][ADB] Found package: 'com.fasterwaytofatloss.FasterWayToFatLoss' and fully qualified activity name : 'com.fasterwaytofatloss.FasterWayToFatLoss.MainActivity'
2024-08-19 14:32:13:154 [9eda510c][38;5;-68m[AndroidUiautomator2Driver@4579] Setting initial orientation to 'PORTRAIT'
2024-08-19 14:32:13:155 [9eda510c][38;5;-68m[AndroidUiautomator2Driver@4579] Matched '/orientation' to command name 'setOrientation'
2024-08-19 14:32:13:155 [9eda510c][38;5;-68m[AndroidUiautomator2Driver@4579] Proxying [POST /orientation] to [POST http://127.0.0.1:8205/session/3c8ded7f-c303-4e52-8cb8-4b61f78e2142/orientation] with body: {"orientation":"PORTRAIT"}
2024-08-19 14:32:13:249 [9eda510c][38;5;-68m[AndroidUiautomator2Driver@4579] Got response with status 200: {"sessionId":"3c8ded7f-c303-4e52-8cb8-4b61f78e2142","value":"PORTRAIT"}
2024-08-19 14:32:13:250 [9eda510c][AppiumDriver@2306] New AndroidUiautomator2Driver session created successfully, session 9eda510c-c546-4d8b-90fb-b35d7a4a7270 added to master session list
2024-08-19 14:32:13:250 [9eda510c][AppiumDriver@2306] Event 'newSessionStarted' logged at 1724077933250 (11:32:13 GMT-0300 (hora estándar de Argentina))
2024-08-19 14:32:13:251 [9eda510c][38;5;-68m[AndroidUiautomator2Driver@4579] Cached the protocol value 'W3C' for the new session 9eda510c-c546-4d8b-90fb-b35d7a4a7270
2024-08-19 14:32:13:251 [9eda510c][38;5;-68m[AndroidUiautomator2Driver@4579] Responding to client with driver.createSession() result: {"capabilities":{"platformName":"Android","deviceName":"emulator-5554","platformVersion":"12","orientation":"PORTRAIT","automationName":"UiAutomator2","app":"C:\\Users\\Thiago\\Downloads\\qa-automation-mobile\\apps\\android\\QA-3.3.5(306).apk","appWaitActivity":"com.fasterwaytofatloss.FasterWayToFatLoss.MainActivity","newCommandTimeout":240,"platform":"LINUX","webStorageEnabled":false,"takesScreenshot":true,"javascriptEnabled":true,"databaseEnabled":false,"networkConnectionEnabled":true,"locationContextEnabled":false,"warnings":{},"desired":{"platformName":"Android","deviceName":"emulator -5554","platformVersion":"12.0","orientation":"PORTRAIT","automationName":"UiAutomator2","app":"C:\\Users\\Thiago\\Downloads\\qa-automation-mobile\\apps\\android\\QA-3.3.5(306).apk","appWaitActivity":"com.fasterwaytofatloss.FasterWayToFatLoss.MainActivity","newCommandTimeout":240},"deviceUDID":"emulator-5554","appPackage":"com.fasterwaytofatloss.FasterWayToFatLoss","pixelRatio":"2.625","statBarHeight":63,"viewportRect":{"...
2024-08-19 14:32:13:252 [9eda510c][HTTP] <-- POST /session 200 8550 ms - 1271 
2024-08-19 14:32:13:265 [9eda510c][HTTP] --> DELETE /session/9eda510c-c546-4d8b-90fb-b35d7a4a7270 {}
2024-08-19 14:32:13:265 [9eda510c][38;5;-68m[AndroidUiautomator2Driver@4579] Calling AppiumDriver.deleteSession() with args: ["9eda510c-c546-4d8b-90fb-b35d7a4a7270"]
2024-08-19 14:32:13:265 [9eda510c][AppiumDriver@2306] Event 'quitSessionRequested' logged at 1724077933265 (11:32:13 GMT-0300 (hora estándar de Argentina))
2024-08-19 14:32:13:265 [9eda510c][AppiumDriver@2306] Removing session 9eda510c-c546-4d8b-90fb-b35d7a4a7270 from our master session list
2024-08-19 14:32:13:266 [9eda510c][38;5;-68m[AndroidUiautomator2Driver@4579] Deleting UiAutomator2 session
2024-08-19 14:32:13:266 [9eda510c][38;5;-68m[AndroidUiautomator2Driver@4579] Deleting UiAutomator2 server session
2024-08-19 14:32:13:266 [9eda510c][38;5;-68m[AndroidUiautomator2Driver@4579] Matched '/' to command name 'deleteSession'
2024-08-19 14:32:13:266 [9eda510c][38;5;-68m[AndroidUiautomator2Driver@4579] Proxying [DELETE /] to [DELETE http://127.0.0.1:8205/session/3c8ded7f-c303-4e52-8cb8-4b61f78e2142] with no body
2024-08-19 14:32:13:302 [9eda510c][38;5;-68m[AndroidUiautomator2Driver@4579] Got response with status 200: {"sessionId":"3c8ded7f-c303-4e52-8cb8-4b61f78e2142","value":null}
2024-08-19 14:32:13:305 [9eda510c][38;5;-68m[AndroidUiautomator2Driver@4579] [Instrumentation] io.appium.uiautomator2.server.test.AppiumUiAutomator2Server:
2024-08-19 14:32:13:307 [9eda510c][38;5;-68m[AndroidUiautomator2Driver@4579] [Instrumentation] The process has exited with code null, signal SIGTERM
2024-08-19 14:32:13:307 [9eda510c][ADB] Running 'D:\sdk\platform-tools\adb.exe -P 5037 -s emulator-5554 shell dumpsys activity services io.appium.settings/.recorder.RecorderService'
2024-08-19 14:32:13:312 [9eda510c][ADB] Running 'D:\sdk\platform-tools\adb.exe -P 5037 -s emulator-5554 shell am force-stop com.fasterwaytofatloss.FasterWayToFatLoss'
2024-08-19 14:32:13:536 [9eda510c][ADB] Removing forwarded port socket connection: 8205 
2024-08-19 14:32:13:537 [9eda510c][ADB] Running 'D:\sdk\platform-tools\adb.exe -P 5037 -s emulator-5554 forward --remove tcp:8205'
2024-08-19 14:32:13:565 [9eda510c][38;5;-68m[AndroidUiautomator2Driver@4579] Restoring hidden api policy to the device default configuration
2024-08-19 14:32:13:566 [9eda510c][ADB] Running 'D:\sdk\platform-tools\adb.exe -P 5037 -s emulator-5554 shell 'settings delete global hidden_api_policy_pre_p_apps;settings delete global hidden_api_policy_p_apps;settings delete global hidden_api_policy''
2024-08-19 14:32:14:053 [9eda510c][Logcat] Stopping logcat capture
2024-08-19 14:32:14:057 [9eda510c][AppiumDriver@2306] Event 'quitSessionFinished' logged at 1724077934057 (11:32:14 GMT-0300 (hora estándar de Argentina))
2024-08-19 14:32:14:057 [9eda510c][AppiumDriver@2306] Received response: null
2024-08-19 14:32:14:057 [9eda510c][AppiumDriver@2306] But deleting session, so not returning
2024-08-19 14:32:14:057 [9eda510c][AppiumDriver@2306] Responding to client with driver.deleteSession() result: null
2024-08-19 14:32:14:059 [9eda510c][HTTP] <-- DELETE /session/9eda510c-c546-4d8b-90fb-b35d7a4a7270 200 794 ms - 14 
